{"level":"info","message":"Database connected successfully","service":"pitchking-api","timestamp":"2026-06-01 00:17:15"}
{"0":"a","1":"d","10":"h","11":"k","12":"i","13":"n","14":"g","15":".","16":"c","17":"o","18":"m","2":"m","3":"i","4":"n","5":"@","6":"p","7":"i","8":"t","9":"c","level":"info","message":"Admin user created:","service":"pitchking-api","timestamp":"2026-06-01 00:17:16"}
{"0":"p","1":"l","10":"a","11":"m","12":"p","13":"l","14":"e","15":".","16":"c","17":"o","18":"m","2":"a","3":"y","4":"e","5":"r","6":"1","7":"@","8":"e","9":"x","level":"info","message":"Sample player created:","service":"pitchking-api","timestamp":"2026-06-01 00:17:16"}
{"0":"f","1":"a","10":"l","11":"e","12":".","13":"c","14":"o","15":"m","2":"n","3":"1","4":"@","5":"e","6":"x","7":"a","8":"m","9":"p","level":"info","message":"Sample fan created:","service":"pitchking-api","timestamp":"2026-06-01 00:17:16"}
{"level":"info","message":"Database connected successfully","service":"pitchking-api","timestamp":"2026-06-01 00:22:28"}
{"level":"info","message":"Database connected successfully","service":"pitchking-api","timestamp":"2026-06-01 00:22:28"}
{"level":"info","message":"Server running on port 5000","service":"pitchking-api","timestamp":"2026-06-01 00:22:28"}
{"level":"info","message":"Environment: production","service":"pitchking-api","timestamp":"2026-06-01 00:22:28"}
{"level":"info","message":"Database connected successfully","service":"pitchking-api","timestamp":"2026-06-01 00:23:53"}
{"level":"info","message":"Database connected successfully","service":"pitchking-api","timestamp":"2026-06-01 00:23:53"}
{"level":"info","message":"Server running on port 5000","service":"pitchking-api","timestamp":"2026-06-01 00:23:53"}
{"level":"info","message":"Environment: production","service":"pitchking-api","timestamp":"2026-06-01 00:23:53"}
{"level":"info","message":"Database connected successfully","service":"pitchking-api","timestamp":"2026-06-01 00:27:28"}
{"level":"info","message":"Server running on port 5000","service":"pitchking-api","timestamp":"2026-06-01 00:27:28"}
{"level":"info","message":"Environment: production","service":"pitchking-api","timestamp":"2026-06-01 00:27:28"}
{"level":"info","message":"Database connected successfully","service":"pitchking-api","timestamp":"2026-06-01 00:28:06"}
{"level":"info","message":"Server running on port 5000","service":"pitchking-api","timestamp":"2026-06-01 00:28:06"}
{"level":"info","message":"Environment: production","service":"pitchking-api","timestamp":"2026-06-01 00:28:06"}
{"level":"info","message":"Server running on port 5000","service":"pitchking-api","timestamp":"2026-06-01 00:37:35"}
{"level":"info","message":"Environment: production","service":"pitchking-api","timestamp":"2026-06-01 00:37:35"}
{"level":"info","message":"Database connected successfully","service":"pitchking-api","timestamp":"2026-06-01 00:37:36"}
{"level":"info","message":"Server running on port 5000","service":"pitchking-api","timestamp":"2026-06-01 00:37:50"}
{"level":"info","message":"Environment: production","service":"pitchking-api","timestamp":"2026-06-01 00:37:50"}
{"level":"info","message":"Database connected successfully","service":"pitchking-api","timestamp":"2026-06-01 00:37:51"}
